<?xml version="1.0" encoding="UTF-8"?>
<testng-results skipped="0" failed="0" ignored="0" total="1" passed="1">
  <reporter-output>
  </reporter-output>
  <suite name="Surefire suite" duration-ms="50" started-at="2019-03-25T15:18:51Z" finished-at="2019-03-25T15:18:51Z">
    <groups>
    </groups>
    <test name="Surefire test" duration-ms="50" started-at="2019-03-25T15:18:51Z" finished-at="2019-03-25T15:18:51Z">
      <class name="co.uk.staTravel.Test.AppTest">
        <test-method status="PASS" signature="testApp()" name="testApp" duration-ms="6" started-at="2019-03-25T15:18:51Z" finished-at="2019-03-25T15:18:51Z">
          <reporter-output>
          </reporter-output>
        </test-method> <!-- testApp -->
      </class> <!-- co.uk.staTravel.Test.AppTest -->
    </test> <!-- Surefire test -->
  </suite> <!-- Surefire suite -->
</testng-results>
